<?xml version="1.0" encoding="UTF-8"?>
<persistence version="2.2"
  xmlns="http://xmlns.jcp.org/xml/ns/persistence"
  xmlns:xsi="http://www.w3.org/2001/XMLSchema-instance"
  xsi:schemaLocation="http://xmlns.jcp.org/xml/ns/persistence http://xmlns.jcp.org/xml/ns/persistence/persistence_2_2.xsd">

  <persistence-unit name="sozialroutenplan-ds" transaction-type="JTA">
    <provider>org.hibernate.jpa.HibernatePersistenceProvider</provider>
    <jta-data-source>java:/cmfTestDS</jta-data-source>

    <exclude-unlisted-classes>false</exclude-unlisted-classes>

    <properties>
      <!-- Hibernate Persistence -->
      <property name="hibernate.dialect" value="org.hibernate.dialect.MySQL8Dialect"/>
      <property name="hibernate.jdbc.time_zone" value="Europe/Vienna"/>
      <property name="hibernate.archive.autodetection" value="class, hbm"/>
      <property name="hibernate.show_sql" value="false"/>
      <property name="hibernate.hbm2ddl.auto" value="create-drop"/>
      <property name="hibernate.flushMode" value="AUTO"/>
      <property name="hibernate.enable_lazy_load_no_trans" value="true"/>
      <property name="hibernate.physical_naming_strategy" value="at.uni.innsbruck.htibot.jpa.common.misc.LowerCaseNamingStrategy"/>
    </properties>

  </persistence-unit>
</persistence>